\BOOKMARK [1][-]{section.1}{\376\377\151\202\217\360}{}% 1
\BOOKMARK [2][-]{subsection.1.1}{\376\377\174\373\176\337\166\356\150\007}{section.1}% 2
\BOOKMARK [2][-]{subsection.1.2}{\376\377\227\000\154\102\213\364\146\016}{section.1}% 3
\BOOKMARK [3][-]{subsubsection.1.2.1}{\376\377\145\160\143\156\227\000\154\102}{subsection.1.2}% 4
\BOOKMARK [3][-]{subsubsection.1.2.2}{\376\377\122\237\200\375\227\000\154\102}{subsection.1.2}% 5
\BOOKMARK [2][-]{subsection.1.3}{\376\377\147\054\142\245\124\112\166\204\116\073\211\201\215\041\163\056}{section.1}% 6
\BOOKMARK [1][-]{section.2}{\376\377\133\236\232\214\163\257\130\203}{}% 7
\BOOKMARK [1][-]{section.3}{\376\377\140\073\117\123\213\276\213\241}{}% 8
\BOOKMARK [2][-]{subsection.3.1}{\376\377\174\373\176\337\152\041\127\127\176\323\147\204}{section.3}% 9
\BOOKMARK [2][-]{subsection.3.2}{\376\377\174\373\176\337\135\345\117\134\155\101\172\013}{section.3}% 10
\BOOKMARK [2][-]{subsection.3.3}{\376\377\145\160\143\156\136\223\213\276\213\241}{section.3}% 11
\BOOKMARK [1][-]{section.4}{\376\377\213\346\176\306\213\276\213\241}{}% 12
\BOOKMARK [2][-]{subsection.4.1}{\376\377\217\336\143\245\152\041\127\127}{section.4}% 13
\BOOKMARK [2][-]{subsection.4.2}{\376\377\145\057\210\114\173\241\164\006\152\041\127\127}{section.4}% 14
\BOOKMARK [2][-]{subsection.4.3}{\376\377\124\130\135\345\173\241\164\006\152\041\127\127}{section.4}% 15
\BOOKMARK [2][-]{subsection.4.4}{\376\377\133\242\142\067\173\241\164\006\152\041\127\127}{section.4}% 16
\BOOKMARK [2][-]{subsection.4.5}{\376\377\215\046\142\067\173\241\164\006\152\041\127\127}{section.4}% 17
\BOOKMARK [3][-]{subsubsection.4.5.1}{\376\377\120\250\204\304\215\046\142\067}{subsection.4.5}% 18
\BOOKMARK [3][-]{subsubsection.4.5.2}{\376\377\145\057\171\150\215\046\142\067}{subsection.4.5}% 19
\BOOKMARK [2][-]{subsection.4.6}{\376\377\215\067\153\076\173\241\164\006\152\041\127\127}{section.4}% 20
\BOOKMARK [2][-]{subsection.4.7}{\376\377\116\032\122\241\176\337\213\241\152\041\127\127}{section.4}% 21
\BOOKMARK [1][-]{section.5}{\376\377\133\236\163\260\116\016\155\113\213\325}{}% 22
\BOOKMARK [2][-]{subsection.5.1}{\376\377\133\236\163\260\176\323\147\234}{section.5}% 23
\BOOKMARK [3][-]{subsubsection.5.1.1}{\376\377\217\336\143\245\152\041\127\127}{subsection.5.1}% 24
\BOOKMARK [3][-]{subsubsection.5.1.2}{\376\377\145\057\210\114\173\241\164\006\152\041\127\127}{subsection.5.1}% 25
\BOOKMARK [3][-]{subsubsection.5.1.3}{\376\377\124\130\135\345\173\241\164\006\152\041\127\127}{subsection.5.1}% 26
\BOOKMARK [3][-]{subsubsection.5.1.4}{\376\377\133\242\142\067\173\241\164\006\152\041\127\127}{subsection.5.1}% 27
\BOOKMARK [3][-]{subsubsection.5.1.5}{\376\377\215\046\142\067\173\241\164\006\152\041\127\127}{subsection.5.1}% 28
\BOOKMARK [3][-]{subsubsection.5.1.6}{\376\377\215\067\153\076\173\241\164\006\152\041\127\127}{subsection.5.1}% 29
\BOOKMARK [3][-]{subsubsection.5.1.7}{\376\377\116\032\122\241\176\337\213\241\152\041\127\127}{subsection.5.1}% 30
\BOOKMARK [2][-]{subsection.5.2}{\376\377\155\113\213\325\176\323\147\234}{section.5}% 31
\BOOKMARK [3][-]{subsubsection.5.2.1}{\376\377\215\067\153\076\122\040\226\144\155\113\213\325\000-\123\321\145\076\116\055}{subsection.5.2}% 32
\BOOKMARK [3][-]{subsubsection.5.2.2}{\376\377\215\067\153\076\122\040\226\144\155\113\213\325\000-\117\131\230\235\116\015\215\263}{subsection.5.2}% 33
\BOOKMARK [3][-]{subsubsection.5.2.3}{\376\377\215\067\153\076\123\321\145\076\215\205\230\235\155\113\213\325}{subsection.5.2}% 34
\BOOKMARK [3][-]{subsubsection.5.2.4}{\376\377\155\373\122\240\121\163\200\124\155\113\213\325}{subsection.5.2}% 35
\BOOKMARK [2][-]{subsection.5.3}{\376\377\133\236\163\260\116\055\166\204\226\276\160\271\225\356\230\230\123\312\211\343\121\263}{section.5}% 36
\BOOKMARK [3][-]{subsubsection.5.3.1}{\376\377\215\067\153\076\166\204\123\321\145\076\116\016\122\040\226\144}{subsection.5.3}% 37
\BOOKMARK [1][-]{section.6}{\376\377\140\073\176\323\116\016\213\250\213\272}{}% 38
